<?xml version="1.0" encoding="UTF-8"?>
<testsuite name="com.mogu.mogu_web.MoguWebApplicationTests" tests="1" skipped="0" failures="0" errors="0" timestamp="2023-11-24T18:13:21" hostname="sionimaegbug.local" time="0.313">
  <properties/>
  <testcase name="contextLoads()" classname="com.mogu.mogu_web.MoguWebApplicationTests" time="0.313"/>
  <system-out><![CDATA[03:13:19.296 [Test worker] INFO org.springframework.test.context.support.AnnotationConfigContextLoaderUtils -- Could not detect default configuration classes for test class [com.mogu.mogu_web.MoguWebApplicationTests]: MoguWebApplicationTests does not declare any static, non-private, non-final, nested classes annotated with @Configuration.
03:13:19.337 [Test worker] INFO org.springframework.boot.test.context.SpringBootTestContextBootstrapper -- Found @SpringBootConfiguration com.mogu.mogu_web.MoguWebApplication for test class com.mogu.mogu_web.MoguWebApplicationTests

  .   ____          _            __ _ _
 /\\ / ___'_ __ _ _(_)_ __  __ _ \ \ \ \
( ( )\___ | '_ | '_| | '_ \/ _` | \ \ \ \
 \\/  ___)| |_)| | | | | || (_| |  ) ) ) )
  '  |____| .__|_| |_|_| |_\__, | / / / /
 =========|_|==============|___/=/_/_/_/
 :: Spring Boot ::                (v3.1.5)

2023-11-25T03:13:19.494+09:00  INFO 79819 --- [    Test worker] c.mogu.mogu_web.MoguWebApplicationTests  : Starting MoguWebApplicationTests using Java 21.0.1 with PID 79819 (started by isiwon in /Users/isiwon/Desktop/Project-Mogu-test-/back/mogu_web)
2023-11-25T03:13:19.495+09:00  INFO 79819 --- [    Test worker] c.mogu.mogu_web.MoguWebApplicationTests  : No active profile set, falling back to 1 default profile: "default"
2023-11-25T03:13:19.800+09:00  INFO 79819 --- [    Test worker] .s.d.r.c.RepositoryConfigurationDelegate : Bootstrapping Spring Data JPA repositories in DEFAULT mode.
2023-11-25T03:13:19.833+09:00  INFO 79819 --- [    Test worker] .s.d.r.c.RepositoryConfigurationDelegate : Finished Spring Data repository scanning in 30 ms. Found 4 JPA repository interfaces.
2023-11-25T03:13:20.076+09:00  INFO 79819 --- [    Test worker] o.hibernate.jpa.internal.util.LogHelper  : HHH000204: Processing PersistenceUnitInfo [name: default]
2023-11-25T03:13:20.095+09:00  INFO 79819 --- [    Test worker] org.hibernate.Version                    : HHH000412: Hibernate ORM core version 6.2.13.Final
2023-11-25T03:13:20.096+09:00  INFO 79819 --- [    Test worker] org.hibernate.cfg.Environment            : HHH000406: Using bytecode reflection optimizer
2023-11-25T03:13:20.206+09:00  INFO 79819 --- [    Test worker] o.s.o.j.p.SpringPersistenceUnitInfo      : No LoadTimeWeaver setup: ignoring JPA class transformer
2023-11-25T03:13:20.217+09:00  INFO 79819 --- [    Test worker] com.zaxxer.hikari.HikariDataSource       : HikariPool-1 - Starting...
2023-11-25T03:13:20.444+09:00  INFO 79819 --- [    Test worker] com.zaxxer.hikari.pool.HikariPool        : HikariPool-1 - Added connection com.mysql.cj.jdbc.ConnectionImpl@410382cb
2023-11-25T03:13:20.445+09:00  INFO 79819 --- [    Test worker] com.zaxxer.hikari.HikariDataSource       : HikariPool-1 - Start completed.
2023-11-25T03:13:20.910+09:00  INFO 79819 --- [    Test worker] o.h.e.t.j.p.i.JtaPlatformInitiator       : HHH000489: No JTA platform available (set 'hibernate.transaction.jta.platform' to enable JTA platform integration)
2023-11-25T03:13:20.912+09:00  INFO 79819 --- [    Test worker] j.LocalContainerEntityManagerFactoryBean : Initialized JPA EntityManagerFactory for persistence unit 'default'
2023-11-25T03:13:21.185+09:00  WARN 79819 --- [    Test worker] JpaBaseConfiguration$JpaWebConfiguration : spring.jpa.open-in-view is enabled by default. Therefore, database queries may be performed during view rendering. Explicitly configure spring.jpa.open-in-view to disable this warning
2023-11-25T03:13:21.224+09:00  INFO 79819 --- [    Test worker] o.s.s.web.DefaultSecurityFilterChain     : Will secure any request with [org.springframework.security.web.session.DisableEncodeUrlFilter@7e864fa4, org.springframework.security.web.context.request.async.WebAsyncManagerIntegrationFilter@452d6fd, org.springframework.security.web.context.SecurityContextHolderFilter@18711946, org.springframework.security.web.header.HeaderWriterFilter@5af47414, org.springframework.web.filter.CorsFilter@38dc1c50, org.springframework.security.web.authentication.logout.LogoutFilter@7bdaf563, com.mogu.mogu_web.security.jwt.AuthTokenFilter@58fadccb, org.springframework.security.web.savedrequest.RequestCacheAwareFilter@9e092b5, org.springframework.security.web.servletapi.SecurityContextHolderAwareRequestFilter@69e23e94, org.springframework.security.web.authentication.AnonymousAuthenticationFilter@ccea4be, org.springframework.security.web.session.SessionManagementFilter@49bf5ec8, org.springframework.security.web.access.ExceptionTranslationFilter@2e9f5499, org.springframework.security.web.access.intercept.AuthorizationFilter@72fa021]
2023-11-25T03:13:21.712+09:00  INFO 79819 --- [    Test worker] c.mogu.mogu_web.MoguWebApplicationTests  : Started MoguWebApplicationTests in 2.316 seconds (process running for 2.844)
]]></system-out>
  <system-err><![CDATA[WARNING: A Java agent has been loaded dynamically (/Users/isiwon/.gradle/caches/modules-2/files-2.1/net.bytebuddy/byte-buddy-agent/1.14.9/dfb8707031008535048bad2b69735f46d0b6c5e5/byte-buddy-agent-1.14.9.jar)
WARNING: If a serviceability tool is in use, please run with -XX:+EnableDynamicAgentLoading to hide this warning
WARNING: If a serviceability tool is not in use, please run with -Djdk.instrument.traceUsage for more information
WARNING: Dynamic loading of agents will be disallowed by default in a future release
]]></system-err>
</testsuite>
